build/app/intermediates/manifest_merge_blame_file/debug/manifest-merger-blame-debug-report.txt
1<?xml version="1.0" encoding="utf-8"?>
2<manifest xmlns:android="http://schemas.android.com/apk/res/android"
3    package="com.example.blog"
4    android:versionCode="1"
5    android:versionName="1.0.0" >
6
7    <uses-sdk
8        android:minSdkVersion="16"
9        android:targetSdkVersion="30" />
10    <!--
11         Flutter needs it to communicate with the running application
12         to allow setting breakpoints, to provide hot reload, etc.
13    -->
14    <uses-permission android:name="android.permission.INTERNET" />
14-->src\debug\AndroidManifest.xml:6:5-66
14-->src\debug\AndroidManifest.xml:6:22-64
15    <uses-permission android:name="android.permission.READ_EXTERNAL_STORAGE" />
15-->[:image_picker] AndroidManifest.xml:7:5-80
15-->[:image_picker] AndroidManifest.xml:7:22-77
16    <uses-permission android:name="android.permission.WRITE_EXTERNAL_STORAGE" />
16-->[:image_picker] AndroidManifest.xml:8:5-81
16-->[:image_picker] AndroidManifest.xml:8:22-78
17    <uses-permission android:name="android.permission.ACCESS_NETWORK_STATE" />
17-->[:firebase_analytics] AndroidManifest.xml:7:5-79
17-->[:firebase_analytics] AndroidManifest.xml:7:22-76
18    <uses-permission android:name="android.permission.WAKE_LOCK" />
18-->[:firebase_analytics] AndroidManifest.xml:9:5-68
18-->[:firebase_analytics] AndroidManifest.xml:9:22-65
19    <uses-permission android:name="android.permission.RECEIVE_BOOT_COMPLETED" />
19-->[:flutter_local_notifications] AndroidManifest.xml:7:5-81
19-->[:flutter_local_notifications] AndroidManifest.xml:7:22-78
20    <uses-permission android:name="android.permission.VIBRATE" />
20-->[:flutter_local_notifications] AndroidManifest.xml:8:5-66
20-->[:flutter_local_notifications] AndroidManifest.xml:8:22-63
21    <uses-permission android:name="android.permission.USE_FULL_SCREEN_INTENT" /> <!-- Required by older versions of Google Play services to create IID tokens -->
21-->[:flutter_local_notifications] AndroidManifest.xml:9:5-81
21-->[:flutter_local_notifications] AndroidManifest.xml:9:22-78
22    <uses-permission android:name="com.google.android.c2dm.permission.RECEIVE" />
22-->[com.google.firebase:firebase-iid:20.0.2] AndroidManifest.xml:26:5-82
22-->[com.google.firebase:firebase-iid:20.0.2] AndroidManifest.xml:26:22-79
23    <uses-permission android:name="com.google.android.finsky.permission.BIND_GET_INSTALL_REFERRER_SERVICE" />
23-->[com.google.android.gms:play-services-measurement:17.2.1] AndroidManifest.xml:26:5-110
23-->[com.google.android.gms:play-services-measurement:17.2.1] AndroidManifest.xml:26:22-107
24
25    <application
25-->src\main\AndroidManifest.xml:3:4-42:19
26        android:name="androidx.multidex.MultiDexApplication"
27        android:appComponentFactory="androidx.core.app.CoreComponentFactory"
27-->[androidx.core:core:1.3.0] AndroidManifest.xml:24:18-86
28        android:debuggable="true"
29        android:icon="@mipmap/ic_launcher"
29-->src\main\AndroidManifest.xml:5:9-43
30        android:label="Stream News" >
30-->src\main\AndroidManifest.xml:4:9-36
31        <activity
31-->src\main\AndroidManifest.xml:6:9-36:20
32            android:name="com.example.blog.MainActivity"
32-->src\main\AndroidManifest.xml:7:13-41
33            android:configChanges="orientation|keyboardHidden|keyboard|screenSize|smallestScreenSize|locale|layoutDirection|fontScale|screenLayout|density|uiMode"
33-->src\main\AndroidManifest.xml:10:13-163
34            android:hardwareAccelerated="true"
34-->src\main\AndroidManifest.xml:11:13-47
35            android:launchMode="singleTop"
35-->src\main\AndroidManifest.xml:8:13-43
36            android:theme="@style/LaunchTheme"
36-->src\main\AndroidManifest.xml:9:13-47
37            android:windowSoftInputMode="adjustResize" >
37-->src\main\AndroidManifest.xml:12:13-55
38
39            <!--
40                 Specifies an Android theme to apply to this Activity as soon as
41                 the Android process has started. This theme is visible to the user
42                 while the Flutter UI initializes. After that, this theme continues
43                 to determine the Window background behind the Flutter UI.
44            -->
45            <meta-data
45-->src\main\AndroidManifest.xml:18:13-21:17
46                android:name="io.flutter.embedding.android.NormalTheme"
46-->src\main\AndroidManifest.xml:19:15-70
47                android:resource="@style/NormalTheme" />
47-->src\main\AndroidManifest.xml:20:15-52
48            <!--
49                 Displays an Android View that continues showing the launch screen
50                 Drawable until Flutter paints its first frame, then this splash
51                 screen fades out. A splash screen is useful to avoid any visual
52                 gap between the end of Android's launch screen and the painting of
53                 Flutter's first frame.
54            -->
55            <meta-data
55-->src\main\AndroidManifest.xml:27:13-30:17
56                android:name="io.flutter.embedding.android.SplashScreenDrawable"
56-->src\main\AndroidManifest.xml:28:15-79
57                android:resource="@drawable/launch_background" />
57-->src\main\AndroidManifest.xml:29:15-61
58
59            <intent-filter>
59-->src\main\AndroidManifest.xml:31:13-35:29
60                <action android:name="android.intent.action.MAIN" />
60-->src\main\AndroidManifest.xml:32:17-68
60-->src\main\AndroidManifest.xml:32:25-66
61
62                <category android:name="android.intent.category.LAUNCHER" />
62-->src\main\AndroidManifest.xml:33:17-76
62-->src\main\AndroidManifest.xml:33:27-74
63            </intent-filter>
64        </activity>
65        <!--
66             Don't delete the meta-data below.
67             This is used by the Flutter tool to generate GeneratedPluginRegistrant.java
68        -->
69        <meta-data
69-->src\main\AndroidManifest.xml:39:9-41:33
70            android:name="flutterEmbedding"
70-->src\main\AndroidManifest.xml:40:13-44
71            android:value="2" />
71-->src\main\AndroidManifest.xml:41:13-30
72
73        <service
73-->[:firebase_storage] AndroidManifest.xml:8:9-12:19
74            android:name="com.google.firebase.components.ComponentDiscoveryService"
74-->[:firebase_storage] AndroidManifest.xml:8:18-89
75            android:directBootAware="true"
75-->[com.google.firebase:firebase-common:19.3.0] AndroidManifest.xml:34:13-43
76            android:exported="false" >
76-->[com.google.firebase:firebase-messaging:20.1.0] AndroidManifest.xml:37:13-37
77            <meta-data
77-->[:firebase_storage] AndroidManifest.xml:9:13-11:85
78                android:name="com.google.firebase.components:io.flutter.plugins.firebase.storage.FlutterFirebaseAppRegistrar"
78-->[:firebase_storage] AndroidManifest.xml:10:17-126
79                android:value="com.google.firebase.components.ComponentRegistrar" />
79-->[:firebase_storage] AndroidManifest.xml:11:17-82
80            <meta-data
80-->[:firebase_messaging] AndroidManifest.xml:14:13-16:85
81                android:name="com.google.firebase.components:io.flutter.plugins.firebasemessaging.FlutterFirebaseAppRegistrar"
81-->[:firebase_messaging] AndroidManifest.xml:15:17-127
82                android:value="com.google.firebase.components.ComponentRegistrar" />
82-->[:firebase_messaging] AndroidManifest.xml:16:17-82
83            <meta-data
83-->[:firebase_analytics] AndroidManifest.xml:13:13-15:85
84                android:name="com.google.firebase.components:io.flutter.plugins.firebaseanalytics.FlutterFirebaseAppRegistrar"
84-->[:firebase_analytics] AndroidManifest.xml:14:17-127
85                android:value="com.google.firebase.components.ComponentRegistrar" />
85-->[:firebase_analytics] AndroidManifest.xml:15:17-82
86            <meta-data
86-->[:cloud_firestore] AndroidManifest.xml:9:13-11:85
87                android:name="com.google.firebase.components:io.flutter.plugins.firebase.cloudfirestore.FlutterFirebaseAppRegistrar"
87-->[:cloud_firestore] AndroidManifest.xml:10:17-133
88                android:value="com.google.firebase.components.ComponentRegistrar" />
88-->[:cloud_firestore] AndroidManifest.xml:11:17-82
89            <meta-data
89-->[:firebase_database] AndroidManifest.xml:9:13-11:85
90                android:name="com.google.firebase.components:io.flutter.plugins.firebase.database.FlutterFirebaseAppRegistrar"
90-->[:firebase_database] AndroidManifest.xml:10:17-127
91                android:value="com.google.firebase.components.ComponentRegistrar" />
91-->[:firebase_database] AndroidManifest.xml:11:17-82
92            <meta-data
92-->[:firebase_auth] AndroidManifest.xml:9:13-11:85
93                android:name="com.google.firebase.components:io.flutter.plugins.firebaseauth.FlutterFirebaseAppRegistrar"
93-->[:firebase_auth] AndroidManifest.xml:10:17-122
94                android:value="com.google.firebase.components.ComponentRegistrar" />
94-->[:firebase_auth] AndroidManifest.xml:11:17-82
95            <meta-data
95-->[:firebase_core] AndroidManifest.xml:9:13-11:85
96                android:name="com.google.firebase.components:io.flutter.plugins.firebase.core.FlutterFirebaseAppRegistrar"
96-->[:firebase_core] AndroidManifest.xml:10:17-123
97                android:value="com.google.firebase.components.ComponentRegistrar" />
97-->[:firebase_core] AndroidManifest.xml:11:17-82
98            <meta-data
98-->[com.google.firebase:firebase-messaging:20.1.0] AndroidManifest.xml:38:13-40:85
99                android:name="com.google.firebase.components:com.google.firebase.messaging.FirebaseMessagingRegistrar"
99-->[com.google.firebase:firebase-messaging:20.1.0] AndroidManifest.xml:39:17-119
100                android:value="com.google.firebase.components.ComponentRegistrar" />
100-->[com.google.firebase:firebase-messaging:20.1.0] AndroidManifest.xml:40:17-82
101            <meta-data
101-->[com.google.firebase:firebase-auth:19.2.0] AndroidManifest.xml:36:13-38:85
102                android:name="com.google.firebase.components:com.google.firebase.auth.FirebaseAuthRegistrar"
102-->[com.google.firebase:firebase-auth:19.2.0] AndroidManifest.xml:37:17-109
103                android:value="com.google.firebase.components.ComponentRegistrar" />
103-->[com.google.firebase:firebase-auth:19.2.0] AndroidManifest.xml:38:17-82
104            <meta-data
104-->[com.google.firebase:firebase-storage:19.1.1] AndroidManifest.xml:33:13-35:85
105                android:name="com.google.firebase.components:com.google.firebase.storage.StorageRegistrar"
105-->[com.google.firebase:firebase-storage:19.1.1] AndroidManifest.xml:34:17-107
106                android:value="com.google.firebase.components.ComponentRegistrar" />
106-->[com.google.firebase:firebase-storage:19.1.1] AndroidManifest.xml:35:17-82
107            <meta-data
107-->[com.google.firebase:firebase-firestore:21.3.0] AndroidManifest.xml:20:13-22:85
108                android:name="com.google.firebase.components:com.google.firebase.firestore.FirestoreRegistrar"
108-->[com.google.firebase:firebase-firestore:21.3.0] AndroidManifest.xml:21:17-111
109                android:value="com.google.firebase.components.ComponentRegistrar" />
109-->[com.google.firebase:firebase-firestore:21.3.0] AndroidManifest.xml:22:17-82
110            <meta-data
110-->[com.google.firebase:firebase-database:17.0.0] AndroidManifest.xml:30:13-32:85
111                android:name="com.google.firebase.components:com.google.firebase.database.DatabaseRegistrar"
111-->[com.google.firebase:firebase-database:17.0.0] AndroidManifest.xml:31:17-109
112                android:value="com.google.firebase.components.ComponentRegistrar" />
112-->[com.google.firebase:firebase-database:17.0.0] AndroidManifest.xml:32:17-82
113            <meta-data
113-->[com.google.android.gms:play-services-measurement-api:17.2.1] AndroidManifest.xml:30:13-32:85
114                android:name="com.google.firebase.components:com.google.firebase.analytics.connector.internal.AnalyticsConnectorRegistrar"
114-->[com.google.android.gms:play-services-measurement-api:17.2.1] AndroidManifest.xml:31:17-139
115                android:value="com.google.firebase.components.ComponentRegistrar" />
115-->[com.google.android.gms:play-services-measurement-api:17.2.1] AndroidManifest.xml:32:17-82
116            <meta-data
116-->[com.google.firebase:firebase-datatransport:17.0.3] AndroidManifest.xml:28:13-30:85
117                android:name="com.google.firebase.components:com.google.firebase.datatransport.TransportRegistrar"
117-->[com.google.firebase:firebase-datatransport:17.0.3] AndroidManifest.xml:29:17-115
118                android:value="com.google.firebase.components.ComponentRegistrar" />
118-->[com.google.firebase:firebase-datatransport:17.0.3] AndroidManifest.xml:30:17-82
119            <meta-data
119-->[com.google.firebase:firebase-iid:20.0.2] AndroidManifest.xml:32:13-34:85
120                android:name="com.google.firebase.components:com.google.firebase.iid.Registrar"
120-->[com.google.firebase:firebase-iid:20.0.2] AndroidManifest.xml:33:17-96
121                android:value="com.google.firebase.components.ComponentRegistrar" />
121-->[com.google.firebase:firebase-iid:20.0.2] AndroidManifest.xml:34:17-82
122        </service>
123
124        <provider
124-->[:image_picker] AndroidManifest.xml:11:9-19:20
125            android:name="io.flutter.plugins.imagepicker.ImagePickerFileProvider"
125-->[:image_picker] AndroidManifest.xml:12:13-82
126            android:authorities="com.example.blog.flutter.image_provider"
126-->[:image_picker] AndroidManifest.xml:13:13-74
127            android:exported="false"
127-->[:image_picker] AndroidManifest.xml:14:13-37
128            android:grantUriPermissions="true" >
128-->[:image_picker] AndroidManifest.xml:15:13-47
129            <meta-data
129-->[:image_picker] AndroidManifest.xml:16:13-18:75
130                android:name="android.support.FILE_PROVIDER_PATHS"
130-->[:image_picker] AndroidManifest.xml:17:17-67
131                android:resource="@xml/flutter_image_picker_file_paths" />
131-->[:image_picker] AndroidManifest.xml:18:17-72
132        </provider>
133
134        <service android:name="io.flutter.plugins.firebasemessaging.FlutterFirebaseMessagingService" >
134-->[:firebase_messaging] AndroidManifest.xml:8:9-12:19
134-->[:firebase_messaging] AndroidManifest.xml:8:18-101
135            <intent-filter>
135-->[:firebase_messaging] AndroidManifest.xml:9:13-11:29
136                <action android:name="com.google.firebase.MESSAGING_EVENT" />
136-->[:firebase_messaging] AndroidManifest.xml:10:17-78
136-->[:firebase_messaging] AndroidManifest.xml:10:25-75
137            </intent-filter>
138        </service>
139
140        <receiver android:name="com.dexterous.flutterlocalnotifications.ScheduledNotificationReceiver" />
140-->[:flutter_local_notifications] AndroidManifest.xml:12:9-106
140-->[:flutter_local_notifications] AndroidManifest.xml:12:19-103
141        <receiver android:name="com.dexterous.flutterlocalnotifications.ScheduledNotificationBootReceiver" >
141-->[:flutter_local_notifications] AndroidManifest.xml:13:9-20:20
141-->[:flutter_local_notifications] AndroidManifest.xml:13:19-107
142            <intent-filter>
142-->[:flutter_local_notifications] AndroidManifest.xml:14:13-19:29
143                <action android:name="android.intent.action.BOOT_COMPLETED" />
143-->[:flutter_local_notifications] AndroidManifest.xml:15:17-79
143-->[:flutter_local_notifications] AndroidManifest.xml:15:25-76
144                <action android:name="android.intent.action.MY_PACKAGE_REPLACED" />
144-->[:flutter_local_notifications] AndroidManifest.xml:16:17-84
144-->[:flutter_local_notifications] AndroidManifest.xml:16:25-81
145                <action android:name="android.intent.action.QUICKBOOT_POWERON" />
145-->[:flutter_local_notifications] AndroidManifest.xml:17:17-82
145-->[:flutter_local_notifications] AndroidManifest.xml:17:25-79
146                <action android:name="com.htc.intent.action.QUICKBOOT_POWERON" />
146-->[:flutter_local_notifications] AndroidManifest.xml:18:17-82
146-->[:flutter_local_notifications] AndroidManifest.xml:18:25-79
147            </intent-filter>
148        </receiver>
149
150        <provider
150-->[com.sangcomz:FishBun:0.11.2] AndroidManifest.xml:12:9-20:20
151            android:name="com.sangcomz.fishbun.FishBunFileProvider"
151-->[com.sangcomz:FishBun:0.11.2] AndroidManifest.xml:13:13-68
152            android:authorities="com.example.blog.fishbunfileprovider"
152-->[com.sangcomz:FishBun:0.11.2] AndroidManifest.xml:14:13-71
153            android:exported="false"
153-->[com.sangcomz:FishBun:0.11.2] AndroidManifest.xml:15:13-37
154            android:grantUriPermissions="true" >
154-->[com.sangcomz:FishBun:0.11.2] AndroidManifest.xml:16:13-47
155            <meta-data
155-->[:image_picker] AndroidManifest.xml:16:13-18:75
156                android:name="android.support.FILE_PROVIDER_PATHS"
156-->[:image_picker] AndroidManifest.xml:17:17-67
157                android:resource="@xml/provider_paths" />
157-->[:image_picker] AndroidManifest.xml:18:17-72
158        </provider>
159
160        <activity
160-->[com.sangcomz:FishBun:0.11.2] AndroidManifest.xml:22:9-25:51
161            android:name="com.sangcomz.fishbun.ui.album.AlbumActivity"
161-->[com.sangcomz:FishBun:0.11.2] AndroidManifest.xml:23:13-71
162            android:label="@string/album"
162-->[com.sangcomz:FishBun:0.11.2] AndroidManifest.xml:24:13-42
163            android:theme="@style/FishBunTheme" />
163-->[com.sangcomz:FishBun:0.11.2] AndroidManifest.xml:25:13-48
164        <activity
164-->[com.sangcomz:FishBun:0.11.2] AndroidManifest.xml:26:9-28:51
165            android:name="com.sangcomz.fishbun.ui.picker.PickerActivity"
165-->[com.sangcomz:FishBun:0.11.2] AndroidManifest.xml:27:13-73
166            android:theme="@style/FishBunTheme" />
166-->[com.sangcomz:FishBun:0.11.2] AndroidManifest.xml:28:13-48
167        <activity
167-->[com.sangcomz:FishBun:0.11.2] AndroidManifest.xml:29:9-31:54
168            android:name="com.sangcomz.fishbun.ui.detail.DetailActivity"
168-->[com.sangcomz:FishBun:0.11.2] AndroidManifest.xml:30:13-73
169            android:theme="@style/DetailViewTheme" />
169-->[com.sangcomz:FishBun:0.11.2] AndroidManifest.xml:31:13-51
170        <!--
171             FirebaseMessagingService performs security checks at runtime,
172             but set to not exported to explicitly avoid allowing another app to call it.
173        -->
174        <service
174-->[com.google.firebase:firebase-messaging:20.1.0] AndroidManifest.xml:28:9-34:19
175            android:name="com.google.firebase.messaging.FirebaseMessagingService"
175-->[com.google.firebase:firebase-messaging:20.1.0] AndroidManifest.xml:29:13-82
176            android:exported="false" >
176-->[com.google.firebase:firebase-messaging:20.1.0] AndroidManifest.xml:30:13-37
177            <intent-filter android:priority="-500" >
177-->[:firebase_messaging] AndroidManifest.xml:9:13-11:29
178                <action android:name="com.google.firebase.MESSAGING_EVENT" />
178-->[:firebase_messaging] AndroidManifest.xml:10:17-78
178-->[:firebase_messaging] AndroidManifest.xml:10:25-75
179            </intent-filter>
180        </service>
181
182        <activity
182-->[com.google.firebase:firebase-auth:19.2.0] AndroidManifest.xml:24:9-31:50
183            android:name="com.google.firebase.auth.internal.FederatedSignInActivity"
183-->[com.google.firebase:firebase-auth:19.2.0] AndroidManifest.xml:25:13-85
184            android:excludeFromRecents="true"
184-->[com.google.firebase:firebase-auth:19.2.0] AndroidManifest.xml:26:13-46
185            android:exported="true"
185-->[com.google.firebase:firebase-auth:19.2.0] AndroidManifest.xml:27:13-36
186            android:launchMode="singleTask"
186-->[com.google.firebase:firebase-auth:19.2.0] AndroidManifest.xml:28:13-44
187            android:permission="com.google.firebase.auth.api.gms.permission.LAUNCH_FEDERATED_SIGN_IN"
187-->[com.google.firebase:firebase-auth:19.2.0] AndroidManifest.xml:29:13-102
188            android:theme="@android:style/Theme.Translucent.NoTitleBar" />
188-->[com.google.firebase:firebase-auth:19.2.0] AndroidManifest.xml:30:13-72
189
190        <receiver
190-->[com.google.firebase:firebase-iid:20.0.2] AndroidManifest.xml:37:9-44:20
191            android:name="com.google.firebase.iid.FirebaseInstanceIdReceiver"
191-->[com.google.firebase:firebase-iid:20.0.2] AndroidManifest.xml:38:13-78
192            android:exported="true"
192-->[com.google.firebase:firebase-iid:20.0.2] AndroidManifest.xml:39:13-36
193            android:permission="com.google.android.c2dm.permission.SEND" >
193-->[com.google.firebase:firebase-iid:20.0.2] AndroidManifest.xml:40:13-73
194            <intent-filter>
194-->[com.google.firebase:firebase-iid:20.0.2] AndroidManifest.xml:41:13-43:29
195                <action android:name="com.google.android.c2dm.intent.RECEIVE" />
195-->[com.google.firebase:firebase-iid:20.0.2] AndroidManifest.xml:42:17-81
195-->[com.google.firebase:firebase-iid:20.0.2] AndroidManifest.xml:42:25-78
196            </intent-filter>
197        </receiver>
198
199        <provider
199-->[com.google.firebase:firebase-common:19.3.0] AndroidManifest.xml:26:9-30:39
200            android:name="com.google.firebase.provider.FirebaseInitProvider"
200-->[com.google.firebase:firebase-common:19.3.0] AndroidManifest.xml:27:13-77
201            android:authorities="com.example.blog.firebaseinitprovider"
201-->[com.google.firebase:firebase-common:19.3.0] AndroidManifest.xml:28:13-72
202            android:exported="false"
202-->[com.google.firebase:firebase-common:19.3.0] AndroidManifest.xml:29:13-37
203            android:initOrder="100" />
203-->[com.google.firebase:firebase-common:19.3.0] AndroidManifest.xml:30:13-36
204
205        <receiver
205-->[com.google.android.gms:play-services-measurement:17.2.1] AndroidManifest.xml:29:9-33:20
206            android:name="com.google.android.gms.measurement.AppMeasurementReceiver"
206-->[com.google.android.gms:play-services-measurement:17.2.1] AndroidManifest.xml:30:13-85
207            android:enabled="true"
207-->[com.google.android.gms:play-services-measurement:17.2.1] AndroidManifest.xml:31:13-35
208            android:exported="false" >
208-->[com.google.android.gms:play-services-measurement:17.2.1] AndroidManifest.xml:32:13-37
209        </receiver>
210        <receiver
210-->[com.google.android.gms:play-services-measurement:17.2.1] AndroidManifest.xml:34:9-42:20
211            android:name="com.google.android.gms.measurement.AppMeasurementInstallReferrerReceiver"
211-->[com.google.android.gms:play-services-measurement:17.2.1] AndroidManifest.xml:35:13-100
212            android:enabled="true"
212-->[com.google.android.gms:play-services-measurement:17.2.1] AndroidManifest.xml:36:13-35
213            android:exported="true"
213-->[com.google.android.gms:play-services-measurement:17.2.1] AndroidManifest.xml:37:13-36
214            android:permission="android.permission.INSTALL_PACKAGES" >
214-->[com.google.android.gms:play-services-measurement:17.2.1] AndroidManifest.xml:38:13-69
215            <intent-filter>
215-->[com.google.android.gms:play-services-measurement:17.2.1] AndroidManifest.xml:39:13-41:29
216                <action android:name="com.android.vending.INSTALL_REFERRER" />
216-->[com.google.android.gms:play-services-measurement:17.2.1] AndroidManifest.xml:40:17-79
216-->[com.google.android.gms:play-services-measurement:17.2.1] AndroidManifest.xml:40:25-76
217            </intent-filter>
218        </receiver>
219
220        <service
220-->[com.google.android.gms:play-services-measurement:17.2.1] AndroidManifest.xml:44:9-47:40
221            android:name="com.google.android.gms.measurement.AppMeasurementService"
221-->[com.google.android.gms:play-services-measurement:17.2.1] AndroidManifest.xml:45:13-84
222            android:enabled="true"
222-->[com.google.android.gms:play-services-measurement:17.2.1] AndroidManifest.xml:46:13-35
223            android:exported="false" />
223-->[com.google.android.gms:play-services-measurement:17.2.1] AndroidManifest.xml:47:13-37
224        <service
224-->[com.google.android.gms:play-services-measurement:17.2.1] AndroidManifest.xml:48:9-52:72
225            android:name="com.google.android.gms.measurement.AppMeasurementJobService"
225-->[com.google.android.gms:play-services-measurement:17.2.1] AndroidManifest.xml:49:13-87
226            android:enabled="true"
226-->[com.google.android.gms:play-services-measurement:17.2.1] AndroidManifest.xml:50:13-35
227            android:exported="false"
227-->[com.google.android.gms:play-services-measurement:17.2.1] AndroidManifest.xml:51:13-37
228            android:permission="android.permission.BIND_JOB_SERVICE" />
228-->[com.google.android.gms:play-services-measurement:17.2.1] AndroidManifest.xml:52:13-69
229
230        <activity
230-->[com.google.android.gms:play-services-base:17.1.0] AndroidManifest.xml:23:9-26:75
231            android:name="com.google.android.gms.common.api.GoogleApiActivity"
231-->[com.google.android.gms:play-services-base:17.1.0] AndroidManifest.xml:24:13-79
232            android:exported="false"
232-->[com.google.android.gms:play-services-base:17.1.0] AndroidManifest.xml:25:13-37
233            android:theme="@android:style/Theme.Translucent.NoTitleBar" />
233-->[com.google.android.gms:play-services-base:17.1.0] AndroidManifest.xml:26:13-72
234
235        <meta-data
235-->[com.google.android.gms:play-services-basement:17.0.0] AndroidManifest.xml:23:9-25:69
236            android:name="com.google.android.gms.version"
236-->[com.google.android.gms:play-services-basement:17.0.0] AndroidManifest.xml:24:13-58
237            android:value="@integer/google_play_services_version" />
237-->[com.google.android.gms:play-services-basement:17.0.0] AndroidManifest.xml:25:13-66
238
239        <service
239-->[com.google.android.datatransport:transport-backend-cct:2.2.0] AndroidManifest.xml:29:9-35:19
240            android:name="com.google.android.datatransport.runtime.backends.TransportBackendDiscovery"
240-->[com.google.android.datatransport:transport-backend-cct:2.2.0] AndroidManifest.xml:30:13-103
241            android:exported="false" >
241-->[com.google.android.datatransport:transport-backend-cct:2.2.0] AndroidManifest.xml:31:13-37
242            <meta-data
242-->[com.google.android.datatransport:transport-backend-cct:2.2.0] AndroidManifest.xml:32:13-34:39
243                android:name="backend:com.google.android.datatransport.cct.CctBackendFactory"
243-->[com.google.android.datatransport:transport-backend-cct:2.2.0] AndroidManifest.xml:33:17-94
244                android:value="cct" />
244-->[com.google.android.datatransport:transport-backend-cct:2.2.0] AndroidManifest.xml:34:17-36
245        </service>
246        <service
246-->[com.google.android.datatransport:transport-runtime:2.2.0] AndroidManifest.xml:26:9-30:19
247            android:name="com.google.android.datatransport.runtime.scheduling.jobscheduling.JobInfoSchedulerService"
247-->[com.google.android.datatransport:transport-runtime:2.2.0] AndroidManifest.xml:27:13-117
248            android:exported="false"
248-->[com.google.android.datatransport:transport-runtime:2.2.0] AndroidManifest.xml:28:13-37
249            android:permission="android.permission.BIND_JOB_SERVICE" >
249-->[com.google.android.datatransport:transport-runtime:2.2.0] AndroidManifest.xml:29:13-69
250        </service>
251
252        <receiver
252-->[com.google.android.datatransport:transport-runtime:2.2.0] AndroidManifest.xml:32:9-34:40
253            android:name="com.google.android.datatransport.runtime.scheduling.jobscheduling.AlarmManagerSchedulerBroadcastReceiver"
253-->[com.google.android.datatransport:transport-runtime:2.2.0] AndroidManifest.xml:33:13-132
254            android:exported="false" />
254-->[com.google.android.datatransport:transport-runtime:2.2.0] AndroidManifest.xml:34:13-37
255    </application>
256
257</manifest>